<?xml version="1.0" encoding="utf-8"?><testsuites name="pytest tests"><testsuite name="pytest" errors="0" failures="0" skipped="0" tests="20" time="3.672" timestamp="2026-06-10T01:08:56.773237+00:00" hostname="agent-env-78d4b130-ed37-4374-a090-d01f7694e295"><testcase classname="backend.tests.backend_test" name="test_root" time="0.245" /><testcase classname="backend.tests.backend_test.TestAuth" name="test_register_returns_token_and_user" time="0.288" /><testcase classname="backend.tests.backend_test.TestAuth" name="test_register_duplicate_email" time="0.059" /><testcase classname="backend.tests.backend_test.TestAuth" name="test_login_valid" time="0.284" /><testcase classname="backend.tests.backend_test.TestAuth" name="test_login_invalid" time="0.061" /><testcase classname="backend.tests.backend_test.TestAuth" name="test_me_with_token" time="0.062" /><testcase classname="backend.tests.backend_test.TestAuth" name="test_me_without_token" time="0.128" /><testcase classname="backend.tests.backend_test.TestLevels" name="test_get_levels_new_user" time="0.066" /><testcase classname="backend.tests.backend_test.TestLevels" name="test_levels_total_count_44" time="0.060" /><testcase classname="backend.tests.backend_test.TestPuzzles" name="test_next_puzzle_beginner" time="0.063" /><testcase classname="backend.tests.backend_test.TestPuzzles" name="test_next_puzzle_locked_level" time="0.063" /><testcase classname="backend.tests.backend_test.TestPuzzles" name="test_submit_wrong_answer_resets_streak" time="0.125" /><testcase classname="backend.tests.backend_test.TestPuzzles" name="test_submit_correct_and_no_double_credit" time="0.588" /><testcase classname="backend.tests.backend_test.TestPuzzles" name="test_unlock_intermediate_after_5_beginner_solves" time="0.773" /><testcase classname="backend.tests.backend_test.TestLeaderboardAndProfile" name="test_leaderboard_sorted_excludes_admin" time="0.064" /><testcase classname="backend.tests.backend_test.TestLeaderboardAndProfile" name="test_profile" time="0.062" /><testcase classname="backend.tests.backend_test.TestAdmin" name="test_student_cannot_access_admin" time="0.119" /><testcase classname="backend.tests.backend_test.TestAdmin" name="test_admin_list_puzzles" time="0.076" /><testcase classname="backend.tests.backend_test.TestAdmin" name="test_admin_stats" time="0.063" /><testcase classname="backend.tests.backend_test.TestAdmin" name="test_admin_create_update_delete_puzzle" time="0.320" /></testsuite></testsuites>